[23-Dec-2019 20:36:22 Asia/Shanghai] An Error occurred while handling another error:
yii\web\HeadersAlreadySentException: Headers already sent in D:\project\legend\modules\content\controllers\PlayerController.php on line 294. in D:\project\legend\vendor\yiisoft\yii2\web\Response.php:366
Stack trace:
#0 D:\project\legend\vendor\yiisoft\yii2\web\Response.php(339): yii\web\Response->sendHeaders()
#1 D:\project\legend\vendor\yiisoft\yii2\web\ErrorHandler.php(135): yii\web\Response->send()
#2 D:\project\legend\vendor\yiisoft\yii2\base\ErrorHandler.php(111): yii\web\ErrorHandler->renderException(Object(yii\web\HeadersAlreadySentException))
#3 [internal function]: yii\base\ErrorHandler->handleException(Object(yii\web\HeadersAlreadySentException))
#4 {main}
Previous exception:
yii\web\HeadersAlreadySentException: Headers already sent in D:\project\legend\modules\content\controllers\PlayerController.php on line 294. in D:\project\legend\vendor\yiisoft\yii2\web\Response.php:366
Stack trace:
#0 D:\project\legend\vendor\yiisoft\yii2\web\Response.php(339): yii\web\Response->sendHeaders()
#1 D:\project\legend\vendor\yiisoft\yii2\base\Application.php(392): yii\web\Response->send()
#2 D:\project\legend\web\index.php(16): yii\base\Application->run()
#3 {main}
$_SERVER = [
    'PATH' => 'C:\\Program Files\\VanDyke Software\\Clients\\;D:\\Xshell\\;C:\\Windows\\system32;C:\\Windows;C:\\Windows\\System32\\Wbem;C:\\Windows\\System32\\WindowsPowerShell\\v1.0\\;C:\\Windows\\System32\\OpenSSH\\;C:\\Program Files (x86)\\NVIDIA Corporation\\PhysX\\Common;C:\\Program Files\\NVIDIA Corporation\\NVIDIA NvDLISR;D:\\WinSCP\\;D:\\Git\\cmd;D:\\protoc-3.5.0\\bin;E:\\phpStudy\\PHPTutorial\\php\\php-7.2.1-nts;D:\\composer;C:\\Users\\Administrator\\AppData\\Local\\Microsoft\\WindowsApps;D:\\PhpStorm 2019.1\\bin;;D:\\protoc-3.5.0\\bin;C:\\Users\\Administrator\\AppData\\Roaming\\Composer\\vendor\\bin;E:\\phpStudy\\PHPTutorial\\php\\php-7.2.1-nts;',
    'SYSTEMROOT' => 'C:\\Windows',
    'COMSPEC' => 'C:\\Windows\\system32\\cmd.exe',
    'PATHEXT' => '.COM;.EXE;.BAT;.CMD;.VBS;.VBE;.JS;.JSE;.WSF;.WSH;.MSC',
    'WINDIR' => 'C:\\Windows',
    'PHP_FCGI_MAX_REQUESTS' => '1000',
    'PHPRC' => 'E:/phpStudy/PHPTutorial/php/php-7.1.13-nts/',
    '_FCGI_SHUTDOWN_EVENT_' => '2556',
    'SCRIPT_NAME' => '/index.php',
    'REQUEST_URI' => '/content/player/level-order',
    'QUERY_STRING' => '/content/player/level-order',
    'REQUEST_METHOD' => 'GET',
    'SERVER_PROTOCOL' => 'HTTP/1.1',
    'GATEWAY_INTERFACE' => 'CGI/1.1',
    'REDIRECT_QUERY_STRING' => '/content/player/level-order',
    'REDIRECT_URL' => '/content/player/level-order',
    'REMOTE_PORT' => '55649',
    'SCRIPT_FILENAME' => 'D:/project/legend/web/index.php',
    'SERVER_ADMIN' => 'admin@php.cn',
    'CONTEXT_DOCUMENT_ROOT' => 'D:/project/legend/web',
    'CONTEXT_PREFIX' => '',
    'REQUEST_SCHEME' => 'http',
    'DOCUMENT_ROOT' => 'D:/project/legend/web',
    'REMOTE_ADDR' => '127.0.0.1',
    'SERVER_PORT' => '80',
    'SERVER_ADDR' => '127.0.0.1',
    'SERVER_NAME' => 'legend.cn',
    'SERVER_SOFTWARE' => 'Apache/2.4.23 (Win32) OpenSSL/1.0.2j mod_fcgid/2.3.9',
    'SERVER_SIGNATURE' => '',
    'SystemRoot' => 'C:\\Windows',
    'HTTP_COOKIE' => 'PHPSESSID=ih6fn9ljgkpo4e7vr63hmgf75s',
    'HTTP_ACCEPT_LANGUAGE' => 'zh-CN,zh;q=0.9',
    'HTTP_ACCEPT_ENCODING' => 'gzip, deflate',
    'HTTP_REFERER' => 'http://legend.cn/content/player/detail-information',
    'HTTP_ACCEPT' => 'text/html,application/xhtml+xml,application/xml;q=0.9,image/webp,image/apng,*/*;q=0.8,application/signed-exchange;v=b3',
    'HTTP_USER_AGENT' => 'Mozilla/5.0 (Windows NT 10.0; WOW64) AppleWebKit/537.36 (KHTML, like Gecko) Chrome/77.0.3865.35 Safari/537.36',
    'HTTP_UPGRADE_INSECURE_REQUESTS' => '1',
    'HTTP_CACHE_CONTROL' => 'max-age=0',
    'HTTP_CONNECTION' => 'close',
    'HTTP_HOST' => 'legend.cn',
    'REDIRECT_STATUS' => '200',
    'FCGI_ROLE' => 'RESPONDER',
    'PHP_SELF' => '/index.php',
    'REQUEST_TIME_FLOAT' => 1577104581.9753129,
    'REQUEST_TIME' => 1577104581,
]
